0 info it worked if it ends with ok
1 verbose cli [ 'D:\\Development\\nodejs\\node.exe',
1 verbose cli   'D:\\Development\\nodejs\\node_modules\\npm\\bin\\npm-cli.js',
1 verbose cli   'start' ]
2 info using npm@3.10.10
3 info using node@v6.9.4
4 verbose run-script [ 'prestart', 'start', 'poststart' ]
5 info lifecycle web-dev@1.0.0~prestart: web-dev@1.0.0
6 silly lifecycle web-dev@1.0.0~prestart: no script for prestart, continuing
7 info lifecycle web-dev@1.0.0~start: web-dev@1.0.0
8 verbose lifecycle web-dev@1.0.0~start: unsafe-perm in lifecycle true
9 verbose lifecycle web-dev@1.0.0~start: PATH: D:\Development\nodejs\node_modules\npm\bin\node-gyp-bin;D:\NEU-GitHub\qin-xuliang-webdev\node_modules\.bin;D:\Development\Java\JDK\bin;D:\Development\Java\JDK\jre\bin;D:\Development\nodejs\;C:\Program Files\MongoDB\Server\3.4\bin;C:\Program Files\Git\cmd;D:\Development\Ruby23-x64\bin;C:\Users\Chaos\AppData\Local\Microsoft\WindowsApps;C:\Users\Chaos\AppData\Roaming\npm;D:\Development\HeroKu\bin
10 verbose lifecycle web-dev@1.0.0~start: CWD: D:\NEU-GitHub\qin-xuliang-webdev
11 silly lifecycle web-dev@1.0.0~start: Args: [ '/d /s /c', 'node server.js' ]
12 silly lifecycle web-dev@1.0.0~start: Returned: code: 1  signal: null
13 info lifecycle web-dev@1.0.0~start: Failed to exec start script
14 verbose stack Error: web-dev@1.0.0 start: `node server.js`
14 verbose stack Exit status 1
14 verbose stack     at EventEmitter.<anonymous> (D:\Development\nodejs\node_modules\npm\lib\utils\lifecycle.js:255:16)
14 verbose stack     at emitTwo (events.js:106:13)
14 verbose stack     at EventEmitter.emit (events.js:191:7)
14 verbose stack     at ChildProcess.<anonymous> (D:\Development\nodejs\node_modules\npm\lib\utils\spawn.js:40:14)
14 verbose stack     at emitTwo (events.js:106:13)
14 verbose stack     at ChildProcess.emit (events.js:191:7)
14 verbose stack     at maybeClose (internal/child_process.js:877:16)
14 verbose stack     at Process.ChildProcess._handle.onexit (internal/child_process.js:226:5)
15 verbose pkgid web-dev@1.0.0
16 verbose cwd D:\NEU-GitHub\qin-xuliang-webdev
17 error Windows_NT 10.0.14393
18 error argv "D:\\Development\\nodejs\\node.exe" "D:\\Development\\nodejs\\node_modules\\npm\\bin\\npm-cli.js" "start"
19 error node v6.9.4
20 error npm  v3.10.10
21 error code ELIFECYCLE
22 error web-dev@1.0.0 start: `node server.js`
22 error Exit status 1
23 error Failed at the web-dev@1.0.0 start script 'node server.js'.
23 error Make sure you have the latest version of node.js and npm installed.
23 error If you do, this is most likely a problem with the web-dev package,
23 error not with npm itself.
23 error Tell the author that this fails on your system:
23 error     node server.js
23 error You can get information on how to open an issue for this project with:
23 error     npm bugs web-dev
23 error Or if that isn't available, you can get their info via:
23 error     npm owner ls web-dev
23 error There is likely additional logging output above.
24 verbose exit [ 1, true ]
